<?xml version="1.0" encoding="UTF-8"?>
<testsuite xmlns:xsi="http://www.w3.org/2001/XMLSchema-instance" xsi:schemaLocation="https://maven.apache.org/surefire/maven-surefire-plugin/xsd/surefire-test-report.xsd" name="com.makotojava.learn.odot.dao.CategoryDaoTest" time="7.597" tests="12" errors="0" skipped="0" failures="0">
  <properties>
[...]
</properties>
  <testcase name="testAdd" classname="com.makotojava.learn.odot.dao.CategoryDaoTest$CategoryDaoPessimisticScenariosTest" time="0.523"/>
  <testcase name="testAdd" classname="com.makotojava.learn.odot.dao.CategoryDaoTest$CategoryDaoOptimisticScenariosTest" time="0.515"/>
  <testcase name="testUpdate" classname="com.makotojava.learn.odot.dao.CategoryDaoTest$CategoryDaoPessimisticScenariosTest" time="0.515"/>
  <testcase name="testUpdate" classname="com.makotojava.learn.odot.dao.CategoryDaoTest$CategoryDaoOptimisticScenariosTest" time="0.523"/>
  <testcase name="testDelete" classname="com.makotojava.learn.odot.dao.CategoryDaoTest$CategoryDaoPessimisticScenariosTest" time="0.518"/>
  <testcase name="testDelete" classname="com.makotojava.learn.odot.dao.CategoryDaoTest$CategoryDaoOptimisticScenariosTest" time="0.527"/>
  <testcase name="testFindAll" classname="com.makotojava.learn.odot.dao.CategoryDaoTest$CategoryDaoOptimisticScenariosTest" time="0.513"/>
  <testcase name="testFindById" classname="com.makotojava.learn.odot.dao.CategoryDaoTest$CategoryDaoOptimisticScenariosTest" time="0.551"/>
  <testcase name="testFindByName" classname="com.makotojava.learn.odot.dao.CategoryDaoTest$CategoryDaoOptimisticScenariosTest" time="0.523"/>
  <testcase name="findAll" classname="com.makotojava.learn.odot.dao.CategoryDaoTest$CategoryDaoEmptyDbScenariosTest" time="0.509"/>
  <testcase name="findByName" classname="com.makotojava.learn.odot.dao.CategoryDaoTest$CategoryDaoEmptyDbScenariosTest" time="0.512"/>
  <testcase name="findById" classname="com.makotojava.learn.odot.dao.CategoryDaoTest$CategoryDaoEmptyDbScenariosTest" time="0.512"/>
</testsuite>